0 info it worked if it ends with ok
1 verbose cli [ '/home/ubuntu/.nvm/v0.10.35/bin/node',
1 verbose cli   '/home/ubuntu/.nvm/v0.10.35/bin/npm',
1 verbose cli   'run',
1 verbose cli   'populate' ]
2 info using npm@1.4.28
3 info using node@v0.10.35
4 verbose run-script [ 'prepopulate', 'populate', 'postpopulate' ]
5 info prepopulate adiutor@0.2.5
6 info populate adiutor@0.2.5
7 verbose unsafe-perm in lifecycle true
8 info adiutor@0.2.5 Failed to exec populate script
9 error adiutor@0.2.5 populate: `node populate`
9 error Exit status 8
10 error Failed at the adiutor@0.2.5 populate script.
10 error This is most likely a problem with the adiutor package,
10 error not with npm itself.
10 error Tell the author that this fails on your system:
10 error     node populate
10 error You can get their info via:
10 error     npm owner ls adiutor
10 error There is likely additional logging output above.
11 error System Linux 3.14.13-c9
12 error command "/home/ubuntu/.nvm/v0.10.35/bin/node" "/home/ubuntu/.nvm/v0.10.35/bin/npm" "run" "populate"
13 error cwd /home/ubuntu/workspace
14 error node -v v0.10.35
15 error npm -v 1.4.28
16 error code ELIFECYCLE
17 verbose exit [ 1, true ]
